<?xml version="1.0" encoding="UTF-8"?>
<testng-results skipped="0" failed="0" ignored="0" total="2" passed="2">
  <reporter-output>
  </reporter-output>
  <suite name="Suite" duration-ms="31591" started-at="2017-05-19T07:58:27Z" finished-at="2017-05-19T07:58:59Z">
    <groups>
    </groups>
    <test name="Test01" duration-ms="14428" started-at="2017-05-19T07:58:27Z" finished-at="2017-05-19T07:58:41Z">
      <class name="sauselabs.GamilLogin">
        <test-method status="PASS" signature="login(java.lang.String, java.lang.String, java.lang.String)[pri:0, instance:sauselabs.GamilLogin@1b17b4c]" name="login" duration-ms="14393" started-at="2017-05-19T13:28:27Z" finished-at="2017-05-19T13:28:41Z">
          <params>
            <param index="0">
              <value>
                <![CDATA[chrome]]>
              </value>
            </param>
            <param index="1">
              <value>
                <![CDATA[MAC]]>
              </value>
            </param>
            <param index="2">
              <value>
                <![CDATA[43.0]]>
              </value>
            </param>
          </params>
          <reporter-output>
          </reporter-output>
        </test-method> <!-- login -->
      </class> <!-- sauselabs.GamilLogin -->
    </test> <!-- Test01 -->
    <test name="Test02" duration-ms="17120" started-at="2017-05-19T07:58:41Z" finished-at="2017-05-19T07:58:59Z">
      <class name="sauselabs.GamilLogin">
        <test-method status="PASS" signature="login(java.lang.String, java.lang.String, java.lang.String)[pri:0, instance:sauselabs.GamilLogin@18db581]" name="login" duration-ms="17112" started-at="2017-05-19T13:28:41Z" finished-at="2017-05-19T13:28:59Z">
          <params>
            <param index="0">
              <value>
                <![CDATA[firefox]]>
              </value>
            </param>
            <param index="1">
              <value>
                <![CDATA[Windows 7]]>
              </value>
            </param>
            <param index="2">
              <value>
                <![CDATA[42.0]]>
              </value>
            </param>
          </params>
          <reporter-output>
          </reporter-output>
        </test-method> <!-- login -->
      </class> <!-- sauselabs.GamilLogin -->
    </test> <!-- Test02 -->
  </suite> <!-- Suite -->
</testng-results>
