<?xml version="1.0" encoding="UTF-8"?>
<testng-results skipped="0" failed="0" ignored="0" total="2" passed="2">
  <reporter-output>
  </reporter-output>
  <suite name="Suite" duration-ms="20322" started-at="2017-05-20T01:23:58Z" finished-at="2017-05-20T01:24:18Z">
    <groups>
    </groups>
    <test name="Test02" duration-ms="14030" started-at="2017-05-20T01:23:58Z" finished-at="2017-05-20T01:24:12Z">
      <class name="sauselabs.GamilLogin">
        <test-method status="PASS" signature="login(java.lang.String, java.lang.String, java.lang.String)[pri:0, instance:sauselabs.GamilLogin@18db581]" name="login" duration-ms="14015" started-at="2017-05-20T06:53:58Z" finished-at="2017-05-20T06:54:12Z">
          <params>
            <param index="0">
              <value>
                <![CDATA[firefox]]>
              </value>
            </param>
            <param index="1">
              <value>
                <![CDATA[Windows 7]]>
              </value>
            </param>
            <param index="2">
              <value>
                <![CDATA[42.0]]>
              </value>
            </param>
          </params>
          <reporter-output>
          </reporter-output>
        </test-method> <!-- login -->
      </class> <!-- sauselabs.GamilLogin -->
    </test> <!-- Test02 -->
    <test name="Test01" duration-ms="20322" started-at="2017-05-20T01:23:58Z" finished-at="2017-05-20T01:24:18Z">
      <class name="sauselabs.GamilLogin">
        <test-method status="PASS" signature="login(java.lang.String, java.lang.String, java.lang.String)[pri:0, instance:sauselabs.GamilLogin@1b17b4c]" name="login" duration-ms="20307" started-at="2017-05-20T06:53:58Z" finished-at="2017-05-20T06:54:18Z">
          <params>
            <param index="0">
              <value>
                <![CDATA[chrome]]>
              </value>
            </param>
            <param index="1">
              <value>
                <![CDATA[MAC]]>
              </value>
            </param>
            <param index="2">
              <value>
                <![CDATA[43.0]]>
              </value>
            </param>
          </params>
          <reporter-output>
          </reporter-output>
        </test-method> <!-- login -->
      </class> <!-- sauselabs.GamilLogin -->
    </test> <!-- Test01 -->
  </suite> <!-- Suite -->
</testng-results>
