<?xml version="1.0" encoding="UTF-8"?>
<!-- Generated by org.testng.reporters.JUnitXMLReporter -->
<testsuite hostname="Balaji-PC" ignored="0" name="Test" tests="6" failures="3" timestamp="11 May 2017 03:48:38 GMT" time="0.093" errors="0">
  <testcase name="getDriver" time="0.015" classname="mailsLogin.GmailLogin"/>
  <testcase name="getDriver" time="0.0" classname="mailsLogin.YahooLogin"/>
  <testcase name="getDriver" time="0.016" classname="mailsLogin.Outlook"/>
  <testcase name="glogin" time="0.0" classname="mailsLogin.GmailLogin">
    <failure type="java.lang.NullPointerException">
      <![CDATA[java.lang.NullPointerException
	at mailsLogin.GmailLogin.glogin(GmailLogin.java:21)
... Removed 25 stack frames]]>
    </failure>
  </testcase> <!-- glogin -->
  <testcase name="Ylogin" time="0.015" classname="mailsLogin.YahooLogin">
    <failure type="java.lang.NullPointerException">
      <![CDATA[java.lang.NullPointerException
	at mailsLogin.YahooLogin.Ylogin(YahooLogin.java:34)
... Removed 25 stack frames]]>
    </failure>
  </testcase> <!-- Ylogin -->
  <testcase name="Ologin" time="0.0" classname="mailsLogin.Outlook">
    <failure type="java.lang.NullPointerException">
      <![CDATA[java.lang.NullPointerException
	at mailsLogin.Outlook.Ologin(Outlook.java:26)
... Removed 25 stack frames]]>
    </failure>
  </testcase> <!-- Ologin -->
</testsuite> <!-- Test -->
